<?xml version="1.0" encoding="UTF-8"?>
<testsuite xmlns:xsi="http://www.w3.org/2001/XMLSchema-instance" xsi:noNamespaceSchemaLocation="https://maven.apache.org/surefire/maven-surefire-plugin/xsd/surefire-test-report.xsd" name="com.parkit.parkingsystem.FareCalculatorServiceTest" time="0.039" tests="9" errors="0" skipped="0" failures="0">
  <properties>
    <property name="gopherProxySet" value="false"/>
    <property name="awt.toolkit" value="sun.lwawt.macosx.LWCToolkit"/>
    <property name="file.encoding.pkg" value="sun.io"/>
    <property name="java.specification.version" value="1.8"/>
    <property name="sun.cpu.isalist" value=""/>
    <property name="sun.jnu.encoding" value="UTF-8"/>
    <property name="java.class.path" value="/Users/catherinegourdin/Documents/GitHub/P4_CGS_parkingsystem/parkit/target/test-classes:/Users/catherinegourdin/Documents/GitHub/P4_CGS_parkingsystem/parkit/target/classes:/Users/catherinegourdin/.m2/repository/org/apache/logging/log4j/log4j-api/2.12.1/log4j-api-2.12.1.jar:/Users/catherinegourdin/.m2/repository/org/apache/logging/log4j/log4j-core/2.12.1/log4j-core-2.12.1.jar:/Users/catherinegourdin/.m2/repository/mysql/mysql-connector-java/8.0.17/mysql-connector-java-8.0.17.jar:/Users/catherinegourdin/.m2/repository/com/google/protobuf/protobuf-java/3.6.1/protobuf-java-3.6.1.jar:/Users/catherinegourdin/.m2/repository/org/junit/jupiter/junit-jupiter-api/5.3.2/junit-jupiter-api-5.3.2.jar:/Users/catherinegourdin/.m2/repository/org/apiguardian/apiguardian-api/1.0.0/apiguardian-api-1.0.0.jar:/Users/catherinegourdin/.m2/repository/org/opentest4j/opentest4j/1.1.1/opentest4j-1.1.1.jar:/Users/catherinegourdin/.m2/repository/org/junit/platform/junit-platform-commons/1.3.2/junit-platform-commons-1.3.2.jar:/Users/catherinegourdin/.m2/repository/org/junit/jupiter/junit-jupiter-engine/5.3.2/junit-jupiter-engine-5.3.2.jar:/Users/catherinegourdin/.m2/repository/org/junit/platform/junit-platform-engine/1.3.2/junit-platform-engine-1.3.2.jar:/Users/catherinegourdin/.m2/repository/org/mockito/mockito-junit-jupiter/2.23.4/mockito-junit-jupiter-2.23.4.jar:/Users/catherinegourdin/.m2/repository/org/mockito/mockito-core/2.23.4/mockito-core-2.23.4.jar:/Users/catherinegourdin/.m2/repository/net/bytebuddy/byte-buddy/1.9.3/byte-buddy-1.9.3.jar:/Users/catherinegourdin/.m2/repository/net/bytebuddy/byte-buddy-agent/1.9.3/byte-buddy-agent-1.9.3.jar:/Users/catherinegourdin/.m2/repository/org/objenesis/objenesis/2.6/objenesis-2.6.jar:/Users/catherinegourdin/.m2/repository/org/jacoco/jacoco-maven-plugin/0.8.8/jacoco-maven-plugin-0.8.8.jar:/Users/catherinegourdin/.m2/repository/org/codehaus/plexus/plexus-utils/3.0.22/plexus-utils-3.0.22.jar:/Users/catherinegourdin/.m2/repository/org/apache/maven/shared/file-management/1.2.1/file-management-1.2.1.jar:/Users/catherinegourdin/.m2/repository/org/apache/maven/maven-plugin-api/2.0.6/maven-plugin-api-2.0.6.jar:/Users/catherinegourdin/.m2/repository/org/apache/maven/shared/maven-shared-io/1.1/maven-shared-io-1.1.jar:/Users/catherinegourdin/.m2/repository/org/apache/maven/maven-artifact-manager/2.0.2/maven-artifact-manager-2.0.2.jar:/Users/catherinegourdin/.m2/repository/org/apache/maven/wagon/wagon-provider-api/1.0-alpha-6/wagon-provider-api-1.0-alpha-6.jar:/Users/catherinegourdin/.m2/repository/org/apache/maven/reporting/maven-reporting-api/3.0/maven-reporting-api-3.0.jar:/Users/catherinegourdin/.m2/repository/org/jacoco/org.jacoco.agent/0.8.8/org.jacoco.agent-0.8.8-runtime.jar:/Users/catherinegourdin/.m2/repository/org/jacoco/org.jacoco.core/0.8.8/org.jacoco.core-0.8.8.jar:/Users/catherinegourdin/.m2/repository/org/jacoco/org.jacoco.report/0.8.8/org.jacoco.report-0.8.8.jar:/Users/catherinegourdin/.m2/repository/org/apache/maven/plugins/maven-assembly-plugin/3.4.2/maven-assembly-plugin-3.4.2.jar:/Users/catherinegourdin/.m2/repository/org/apache/maven/shared/maven-common-artifact-filters/3.3.1/maven-common-artifact-filters-3.3.1.jar:/Users/catherinegourdin/.m2/repository/org/apache/maven/shared/maven-artifact-transfer/0.13.1/maven-artifact-transfer-0.13.1.jar:/Users/catherinegourdin/.m2/repository/org/apache/maven/maven-core/3.0/maven-core-3.0.jar:/Users/catherinegourdin/.m2/repository/org/apache/maven/maven-settings/3.0/maven-settings-3.0.jar:/Users/catherinegourdin/.m2/repository/org/apache/maven/maven-settings-builder/3.0/maven-settings-builder-3.0.jar:/Users/catherinegourdin/.m2/repository/org/apache/maven/maven-repository-metadata/3.0/maven-repository-metadata-3.0.jar:/Users/catherinegourdin/.m2/repository/org/apache/maven/maven-model-builder/3.0/maven-model-builder-3.0.jar:/Users/catherinegourdin/.m2/repository/org/apache/maven/maven-aether-provider/3.0/maven-aether-provider-3.0.jar:/Users/catherinegourdin/.m2/repository/org/sonatype/aether/aether-impl/1.7/aether-impl-1.7.jar:/Users/catherinegourdin/.m2/repository/org/sonatype/aether/aether-spi/1.7/aether-spi-1.7.jar:/Users/catherinegourdin/.m2/repository/org/sonatype/aether/aether-api/1.7/aether-api-1.7.jar:/Users/catherinegourdin/.m2/repository/org/sonatype/aether/aether-util/1.7/aether-util-1.7.jar:/Users/catherinegourdin/.m2/repository/org/sonatype/sisu/sisu-inject-plexus/1.4.2/sisu-inject-plexus-1.4.2.jar:/Users/catherinegourdin/.m2/repository/org/sonatype/sisu/sisu-inject-bean/1.4.2/sisu-inject-bean-1.4.2.jar:/Users/catherinegourdin/.m2/repository/org/sonatype/sisu/sisu-guice/2.1.7/sisu-guice-2.1.7-noaop.jar:/Users/catherinegourdin/.m2/repository/org/sonatype/plexus/plexus-sec-dispatcher/1.3/plexus-sec-dispatcher-1.3.jar:/Users/catherinegourdin/.m2/repository/org/sonatype/plexus/plexus-cipher/1.4/plexus-cipher-1.4.jar:/Users/catherinegourdin/.m2/repository/org/apache/maven/maven-artifact/3.0/maven-artifact-3.0.jar:/Users/catherinegourdin/.m2/repository/org/codehaus/plexus/plexus-component-annotations/2.0.0/plexus-component-annotations-2.0.0.jar:/Users/catherinegourdin/.m2/repository/org/codehaus/plexus/plexus-interpolation/1.26/plexus-interpolation-1.26.jar:/Users/catherinegourdin/.m2/repository/commons-io/commons-io/2.11.0/commons-io-2.11.0.jar:/Users/catherinegourdin/.m2/repository/org/apache/maven/shared/maven-filtering/3.3.0/maven-filtering-3.3.0.jar:/Users/catherinegourdin/.m2/repository/javax/inject/javax.inject/1/javax.inject-1.jar:/Users/catherinegourdin/.m2/repository/org/sonatype/plexus/plexus-build-api/0.0.7/plexus-build-api-0.0.7.jar:/Users/catherinegourdin/.m2/repository/org/codehaus/plexus/plexus-io/3.4.0/plexus-io-3.4.0.jar:/Users/catherinegourdin/.m2/repository/org/codehaus/plexus/plexus-archiver/4.4.0/plexus-archiver-4.4.0.jar:/Users/catherinegourdin/.m2/repository/org/apache/commons/commons-compress/1.21/commons-compress-1.21.jar:/Users/catherinegourdin/.m2/repository/org/iq80/snappy/snappy/0.4/snappy-0.4.jar:/Users/catherinegourdin/.m2/repository/org/tukaani/xz/1.9/xz-1.9.jar:/Users/catherinegourdin/.m2/repository/org/apache/maven/maven-archiver/3.6.0/maven-archiver-3.6.0.jar:/Users/catherinegourdin/.m2/repository/com/github/spotbugs/spotbugs-maven-plugin/4.7.1.1/spotbugs-maven-plugin-4.7.1.1.jar:/Users/catherinegourdin/.m2/repository/com/github/spotbugs/spotbugs/4.7.1/spotbugs-4.7.1.jar:/Users/catherinegourdin/.m2/repository/org/apache/bcel/bcel/6.5.0/bcel-6.5.0.jar:/Users/catherinegourdin/.m2/repository/net/jcip/jcip-annotations/1.0/jcip-annotations-1.0.jar:/Users/catherinegourdin/.m2/repository/org/dom4j/dom4j/2.1.3/dom4j-2.1.3.jar:/Users/catherinegourdin/.m2/repository/org/apache/commons/commons-text/1.9/commons-text-1.9.jar:/Users/catherinegourdin/.m2/repository/com/github/spotbugs/spotbugs-annotations/4.7.1/spotbugs-annotations-4.7.1.jar:/Users/catherinegourdin/.m2/repository/com/google/code/findbugs/jsr305/3.0.2/jsr305-3.0.2.jar:/Users/catherinegourdin/.m2/repository/com/google/code/gson/gson/2.9.0/gson-2.9.0.jar:/Users/catherinegourdin/.m2/repository/jaxen/jaxen/1.2.0/jaxen-1.2.0.jar:/Users/catherinegourdin/.m2/repository/net/sf/saxon/Saxon-HE/11.3/Saxon-HE-11.3.jar:/Users/catherinegourdin/.m2/repository/org/xmlresolver/xmlresolver/4.2.0/xmlresolver-4.2.0.jar:/Users/catherinegourdin/.m2/repository/xml-apis/xml-apis/1.4.01/xml-apis-1.4.01.jar:/Users/catherinegourdin/.m2/repository/org/xmlresolver/xmlresolver/4.2.0/xmlresolver-4.2.0-data.jar:/Users/catherinegourdin/.m2/repository/org/slf4j/jcl-over-slf4j/1.7.36/jcl-over-slf4j-1.7.36.jar:/Users/catherinegourdin/.m2/repository/org/slf4j/slf4j-api/1.7.36/slf4j-api-1.7.36.jar:/Users/catherinegourdin/.m2/repository/org/slf4j/slf4j-simple/1.7.36/slf4j-simple-1.7.36.jar:/Users/catherinegourdin/.m2/repository/org/ow2/asm/asm/9.3/asm-9.3.jar:/Users/catherinegourdin/.m2/repository/org/ow2/asm/asm-analysis/9.3/asm-analysis-9.3.jar:/Users/catherinegourdin/.m2/repository/org/ow2/asm/asm-commons/9.3/asm-commons-9.3.jar:/Users/catherinegourdin/.m2/repository/org/ow2/asm/asm-tree/9.3/asm-tree-9.3.jar:/Users/catherinegourdin/.m2/repository/org/ow2/asm/asm-util/9.3/asm-util-9.3.jar:/Users/catherinegourdin/.m2/repository/org/apache/ant/ant/1.10.12/ant-1.10.12.jar:/Users/catherinegourdin/.m2/repository/org/apache/ant/ant-launcher/1.10.12/ant-launcher-1.10.12.jar:/Library/Java/JavaVirtualMachines/jdk1.8.0_341.jdk/Contents/Home/jre/../lib/tools.jar:/Users/catherinegourdin/.m2/repository/org/apache/groovy/groovy/4.0.4/groovy-4.0.4.jar:/Users/catherinegourdin/.m2/repository/org/apache/groovy/groovy-ant/4.0.4/groovy-ant-4.0.4.jar:/Users/catherinegourdin/.m2/repository/org/apache/groovy/groovy-groovydoc/4.0.4/groovy-groovydoc-4.0.4.jar:/Users/catherinegourdin/.m2/repository/org/apache/groovy/groovy-dateutil/4.0.4/groovy-dateutil-4.0.4.jar:/Users/catherinegourdin/.m2/repository/org/apache/groovy/groovy-docgenerator/4.0.4/groovy-docgenerator-4.0.4.jar:/Users/catherinegourdin/.m2/repository/com/thoughtworks/qdox/qdox/1.12.1/qdox-1.12.1.jar:/Users/catherinegourdin/.m2/repository/org/apache/groovy/groovy-json/4.0.4/groovy-json-4.0.4.jar:/Users/catherinegourdin/.m2/repository/org/apache/groovy/groovy-templates/4.0.4/groovy-templates-4.0.4.jar:/Users/catherinegourdin/.m2/repository/org/apache/groovy/groovy-xml/4.0.4/groovy-xml-4.0.4.jar:/Users/catherinegourdin/.m2/repository/com/github/javaparser/javaparser-core/3.24.2/javaparser-core-3.24.2.jar:/Users/catherinegourdin/.m2/repository/org/apache/maven/reporting/maven-reporting-impl/3.1.0/maven-reporting-impl-3.1.0.jar:/Users/catherinegourdin/.m2/repository/org/apache/maven/shared/maven-shared-utils/3.3.4/maven-shared-utils-3.3.4.jar:/Users/catherinegourdin/.m2/repository/org/apache/maven/doxia/doxia-core/1.11.1/doxia-core-1.11.1.jar:/Users/catherinegourdin/.m2/repository/org/apache/maven/doxia/doxia-logging-api/1.11.1/doxia-logging-api-1.11.1.jar:/Users/catherinegourdin/.m2/repository/org/apache/httpcomponents/httpclient/4.5.13/httpclient-4.5.13.jar:/Users/catherinegourdin/.m2/repository/org/apache/httpcomponents/httpcore/4.4.14/httpcore-4.4.14.jar:/Users/catherinegourdin/.m2/repository/org/apache/maven/doxia/doxia-sink-api/1.11.1/doxia-sink-api-1.11.1.jar:/Users/catherinegourdin/.m2/repository/org/apache/maven/doxia/doxia-decoration-model/1.11.1/doxia-decoration-model-1.11.1.jar:/Users/catherinegourdin/.m2/repository/org/apache/maven/doxia/doxia-site-renderer/1.11.1/doxia-site-renderer-1.11.1.jar:/Users/catherinegourdin/.m2/repository/org/apache/maven/doxia/doxia-skin-model/1.11.1/doxia-skin-model-1.11.1.jar:/Users/catherinegourdin/.m2/repository/org/apache/maven/doxia/doxia-module-xhtml/1.11.1/doxia-module-xhtml-1.11.1.jar:/Users/catherinegourdin/.m2/repository/org/apache/maven/doxia/doxia-module-xhtml5/1.11.1/doxia-module-xhtml5-1.11.1.jar:/Users/catherinegourdin/.m2/repository/org/codehaus/plexus/plexus-i18n/1.0-beta-10/plexus-i18n-1.0-beta-10.jar:/Users/catherinegourdin/.m2/repository/org/codehaus/plexus/plexus-velocity/1.2/plexus-velocity-1.2.jar:/Users/catherinegourdin/.m2/repository/org/apache/velocity/velocity/1.7/velocity-1.7.jar:/Users/catherinegourdin/.m2/repository/org/apache/velocity/velocity-tools/2.0/velocity-tools-2.0.jar:/Users/catherinegourdin/.m2/repository/oro/oro/2.0.8/oro-2.0.8.jar:/Users/catherinegourdin/.m2/repository/org/apache/maven/doxia/doxia-integration-tools/1.11.1/doxia-integration-tools-1.11.1.jar:/Users/catherinegourdin/.m2/repository/org/apache/maven/maven-model/2.2.1/maven-model-2.2.1.jar:/Users/catherinegourdin/.m2/repository/commons-beanutils/commons-beanutils/1.9.4/commons-beanutils-1.9.4.jar:/Users/catherinegourdin/.m2/repository/commons-chain/commons-chain/1.2/commons-chain-1.2.jar:/Users/catherinegourdin/.m2/repository/commons-codec/commons-codec/1.15/commons-codec-1.15.jar:/Users/catherinegourdin/.m2/repository/commons-collections/commons-collections/3.2.2/commons-collections-3.2.2.jar:/Users/catherinegourdin/.m2/repository/commons-digester/commons-digester/2.1/commons-digester-2.1.jar:/Users/catherinegourdin/.m2/repository/commons-lang/commons-lang/2.6/commons-lang-2.6.jar:/Users/catherinegourdin/.m2/repository/org/apache/commons/commons-lang3/3.12.0/commons-lang3-3.12.0.jar:/Users/catherinegourdin/.m2/repository/org/codehaus/plexus/plexus-container-default/2.1.1/plexus-container-default-2.1.1.jar:/Users/catherinegourdin/.m2/repository/org/codehaus/plexus/plexus-classworlds/2.6.0/plexus-classworlds-2.6.0.jar:/Users/catherinegourdin/.m2/repository/org/apache/xbean/xbean-reflect/3.7/xbean-reflect-3.7.jar:/Users/catherinegourdin/.m2/repository/junit/junit/4.13.2/junit-4.13.2.jar:/Users/catherinegourdin/.m2/repository/org/hamcrest/hamcrest-core/1.3/hamcrest-core-1.3.jar:/Users/catherinegourdin/.m2/repository/org/codehaus/plexus/plexus-resources/1.2.0/plexus-resources-1.2.0.jar:"/>
    <property name="java.vm.vendor" value="Oracle Corporation"/>
    <property name="sun.arch.data.model" value="64"/>
    <property name="java.vendor.url" value="http://java.oracle.com/"/>
    <property name="user.timezone" value=""/>
    <property name="java.vm.specification.version" value="1.8"/>
    <property name="os.name" value="Mac OS X"/>
    <property name="user.country" value="FR"/>
    <property name="sun.java.launcher" value="SUN_STANDARD"/>
    <property name="sun.boot.library.path" value="/Library/Java/JavaVirtualMachines/jdk1.8.0_341.jdk/Contents/Home/jre/lib"/>
    <property name="sun.java.command" value="/Users/catherinegourdin/Documents/GitHub/P4_CGS_parkingsystem/parkit/target/surefire/surefirebooter4363530805913022982.jar /Users/catherinegourdin/Documents/GitHub/P4_CGS_parkingsystem/parkit/target/surefire 2022-09-01T21-24-45_797-jvmRun1 surefire4702267165967612316tmp surefire_0987474327130171053tmp"/>
    <property name="http.nonProxyHosts" value="local|*.local|169.254/16|*.169.254/16"/>
    <property name="surefire.test.class.path" value="/Users/catherinegourdin/Documents/GitHub/P4_CGS_parkingsystem/parkit/target/test-classes:/Users/catherinegourdin/Documents/GitHub/P4_CGS_parkingsystem/parkit/target/classes:/Users/catherinegourdin/.m2/repository/org/apache/logging/log4j/log4j-api/2.12.1/log4j-api-2.12.1.jar:/Users/catherinegourdin/.m2/repository/org/apache/logging/log4j/log4j-core/2.12.1/log4j-core-2.12.1.jar:/Users/catherinegourdin/.m2/repository/mysql/mysql-connector-java/8.0.17/mysql-connector-java-8.0.17.jar:/Users/catherinegourdin/.m2/repository/com/google/protobuf/protobuf-java/3.6.1/protobuf-java-3.6.1.jar:/Users/catherinegourdin/.m2/repository/org/junit/jupiter/junit-jupiter-api/5.3.2/junit-jupiter-api-5.3.2.jar:/Users/catherinegourdin/.m2/repository/org/apiguardian/apiguardian-api/1.0.0/apiguardian-api-1.0.0.jar:/Users/catherinegourdin/.m2/repository/org/opentest4j/opentest4j/1.1.1/opentest4j-1.1.1.jar:/Users/catherinegourdin/.m2/repository/org/junit/platform/junit-platform-commons/1.3.2/junit-platform-commons-1.3.2.jar:/Users/catherinegourdin/.m2/repository/org/junit/jupiter/junit-jupiter-engine/5.3.2/junit-jupiter-engine-5.3.2.jar:/Users/catherinegourdin/.m2/repository/org/junit/platform/junit-platform-engine/1.3.2/junit-platform-engine-1.3.2.jar:/Users/catherinegourdin/.m2/repository/org/mockito/mockito-junit-jupiter/2.23.4/mockito-junit-jupiter-2.23.4.jar:/Users/catherinegourdin/.m2/repository/org/mockito/mockito-core/2.23.4/mockito-core-2.23.4.jar:/Users/catherinegourdin/.m2/repository/net/bytebuddy/byte-buddy/1.9.3/byte-buddy-1.9.3.jar:/Users/catherinegourdin/.m2/repository/net/bytebuddy/byte-buddy-agent/1.9.3/byte-buddy-agent-1.9.3.jar:/Users/catherinegourdin/.m2/repository/org/objenesis/objenesis/2.6/objenesis-2.6.jar:/Users/catherinegourdin/.m2/repository/org/jacoco/jacoco-maven-plugin/0.8.8/jacoco-maven-plugin-0.8.8.jar:/Users/catherinegourdin/.m2/repository/org/codehaus/plexus/plexus-utils/3.0.22/plexus-utils-3.0.22.jar:/Users/catherinegourdin/.m2/repository/org/apache/maven/shared/file-management/1.2.1/file-management-1.2.1.jar:/Users/catherinegourdin/.m2/repository/org/apache/maven/maven-plugin-api/2.0.6/maven-plugin-api-2.0.6.jar:/Users/catherinegourdin/.m2/repository/org/apache/maven/shared/maven-shared-io/1.1/maven-shared-io-1.1.jar:/Users/catherinegourdin/.m2/repository/org/apache/maven/maven-artifact-manager/2.0.2/maven-artifact-manager-2.0.2.jar:/Users/catherinegourdin/.m2/repository/org/apache/maven/wagon/wagon-provider-api/1.0-alpha-6/wagon-provider-api-1.0-alpha-6.jar:/Users/catherinegourdin/.m2/repository/org/apache/maven/reporting/maven-reporting-api/3.0/maven-reporting-api-3.0.jar:/Users/catherinegourdin/.m2/repository/org/jacoco/org.jacoco.agent/0.8.8/org.jacoco.agent-0.8.8-runtime.jar:/Users/catherinegourdin/.m2/repository/org/jacoco/org.jacoco.core/0.8.8/org.jacoco.core-0.8.8.jar:/Users/catherinegourdin/.m2/repository/org/jacoco/org.jacoco.report/0.8.8/org.jacoco.report-0.8.8.jar:/Users/catherinegourdin/.m2/repository/org/apache/maven/plugins/maven-assembly-plugin/3.4.2/maven-assembly-plugin-3.4.2.jar:/Users/catherinegourdin/.m2/repository/org/apache/maven/shared/maven-common-artifact-filters/3.3.1/maven-common-artifact-filters-3.3.1.jar:/Users/catherinegourdin/.m2/repository/org/apache/maven/shared/maven-artifact-transfer/0.13.1/maven-artifact-transfer-0.13.1.jar:/Users/catherinegourdin/.m2/repository/org/apache/maven/maven-core/3.0/maven-core-3.0.jar:/Users/catherinegourdin/.m2/repository/org/apache/maven/maven-settings/3.0/maven-settings-3.0.jar:/Users/catherinegourdin/.m2/repository/org/apache/maven/maven-settings-builder/3.0/maven-settings-builder-3.0.jar:/Users/catherinegourdin/.m2/repository/org/apache/maven/maven-repository-metadata/3.0/maven-repository-metadata-3.0.jar:/Users/catherinegourdin/.m2/repository/org/apache/maven/maven-model-builder/3.0/maven-model-builder-3.0.jar:/Users/catherinegourdin/.m2/repository/org/apache/maven/maven-aether-provider/3.0/maven-aether-provider-3.0.jar:/Users/catherinegourdin/.m2/repository/org/sonatype/aether/aether-impl/1.7/aether-impl-1.7.jar:/Users/catherinegourdin/.m2/repository/org/sonatype/aether/aether-spi/1.7/aether-spi-1.7.jar:/Users/catherinegourdin/.m2/repository/org/sonatype/aether/aether-api/1.7/aether-api-1.7.jar:/Users/catherinegourdin/.m2/repository/org/sonatype/aether/aether-util/1.7/aether-util-1.7.jar:/Users/catherinegourdin/.m2/repository/org/sonatype/sisu/sisu-inject-plexus/1.4.2/sisu-inject-plexus-1.4.2.jar:/Users/catherinegourdin/.m2/repository/org/sonatype/sisu/sisu-inject-bean/1.4.2/sisu-inject-bean-1.4.2.jar:/Users/catherinegourdin/.m2/repository/org/sonatype/sisu/sisu-guice/2.1.7/sisu-guice-2.1.7-noaop.jar:/Users/catherinegourdin/.m2/repository/org/sonatype/plexus/plexus-sec-dispatcher/1.3/plexus-sec-dispatcher-1.3.jar:/Users/catherinegourdin/.m2/repository/org/sonatype/plexus/plexus-cipher/1.4/plexus-cipher-1.4.jar:/Users/catherinegourdin/.m2/repository/org/apache/maven/maven-artifact/3.0/maven-artifact-3.0.jar:/Users/catherinegourdin/.m2/repository/org/codehaus/plexus/plexus-component-annotations/2.0.0/plexus-component-annotations-2.0.0.jar:/Users/catherinegourdin/.m2/repository/org/codehaus/plexus/plexus-interpolation/1.26/plexus-interpolation-1.26.jar:/Users/catherinegourdin/.m2/repository/commons-io/commons-io/2.11.0/commons-io-2.11.0.jar:/Users/catherinegourdin/.m2/repository/org/apache/maven/shared/maven-filtering/3.3.0/maven-filtering-3.3.0.jar:/Users/catherinegourdin/.m2/repository/javax/inject/javax.inject/1/javax.inject-1.jar:/Users/catherinegourdin/.m2/repository/org/sonatype/plexus/plexus-build-api/0.0.7/plexus-build-api-0.0.7.jar:/Users/catherinegourdin/.m2/repository/org/codehaus/plexus/plexus-io/3.4.0/plexus-io-3.4.0.jar:/Users/catherinegourdin/.m2/repository/org/codehaus/plexus/plexus-archiver/4.4.0/plexus-archiver-4.4.0.jar:/Users/catherinegourdin/.m2/repository/org/apache/commons/commons-compress/1.21/commons-compress-1.21.jar:/Users/catherinegourdin/.m2/repository/org/iq80/snappy/snappy/0.4/snappy-0.4.jar:/Users/catherinegourdin/.m2/repository/org/tukaani/xz/1.9/xz-1.9.jar:/Users/catherinegourdin/.m2/repository/org/apache/maven/maven-archiver/3.6.0/maven-archiver-3.6.0.jar:/Users/catherinegourdin/.m2/repository/com/github/spotbugs/spotbugs-maven-plugin/4.7.1.1/spotbugs-maven-plugin-4.7.1.1.jar:/Users/catherinegourdin/.m2/repository/com/github/spotbugs/spotbugs/4.7.1/spotbugs-4.7.1.jar:/Users/catherinegourdin/.m2/repository/org/apache/bcel/bcel/6.5.0/bcel-6.5.0.jar:/Users/catherinegourdin/.m2/repository/net/jcip/jcip-annotations/1.0/jcip-annotations-1.0.jar:/Users/catherinegourdin/.m2/repository/org/dom4j/dom4j/2.1.3/dom4j-2.1.3.jar:/Users/catherinegourdin/.m2/repository/org/apache/commons/commons-text/1.9/commons-text-1.9.jar:/Users/catherinegourdin/.m2/repository/com/github/spotbugs/spotbugs-annotations/4.7.1/spotbugs-annotations-4.7.1.jar:/Users/catherinegourdin/.m2/repository/com/google/code/findbugs/jsr305/3.0.2/jsr305-3.0.2.jar:/Users/catherinegourdin/.m2/repository/com/google/code/gson/gson/2.9.0/gson-2.9.0.jar:/Users/catherinegourdin/.m2/repository/jaxen/jaxen/1.2.0/jaxen-1.2.0.jar:/Users/catherinegourdin/.m2/repository/net/sf/saxon/Saxon-HE/11.3/Saxon-HE-11.3.jar:/Users/catherinegourdin/.m2/repository/org/xmlresolver/xmlresolver/4.2.0/xmlresolver-4.2.0.jar:/Users/catherinegourdin/.m2/repository/xml-apis/xml-apis/1.4.01/xml-apis-1.4.01.jar:/Users/catherinegourdin/.m2/repository/org/xmlresolver/xmlresolver/4.2.0/xmlresolver-4.2.0-data.jar:/Users/catherinegourdin/.m2/repository/org/slf4j/jcl-over-slf4j/1.7.36/jcl-over-slf4j-1.7.36.jar:/Users/catherinegourdin/.m2/repository/org/slf4j/slf4j-api/1.7.36/slf4j-api-1.7.36.jar:/Users/catherinegourdin/.m2/repository/org/slf4j/slf4j-simple/1.7.36/slf4j-simple-1.7.36.jar:/Users/catherinegourdin/.m2/repository/org/ow2/asm/asm/9.3/asm-9.3.jar:/Users/catherinegourdin/.m2/repository/org/ow2/asm/asm-analysis/9.3/asm-analysis-9.3.jar:/Users/catherinegourdin/.m2/repository/org/ow2/asm/asm-commons/9.3/asm-commons-9.3.jar:/Users/catherinegourdin/.m2/repository/org/ow2/asm/asm-tree/9.3/asm-tree-9.3.jar:/Users/catherinegourdin/.m2/repository/org/ow2/asm/asm-util/9.3/asm-util-9.3.jar:/Users/catherinegourdin/.m2/repository/org/apache/ant/ant/1.10.12/ant-1.10.12.jar:/Users/catherinegourdin/.m2/repository/org/apache/ant/ant-launcher/1.10.12/ant-launcher-1.10.12.jar:/Library/Java/JavaVirtualMachines/jdk1.8.0_341.jdk/Contents/Home/jre/../lib/tools.jar:/Users/catherinegourdin/.m2/repository/org/apache/groovy/groovy/4.0.4/groovy-4.0.4.jar:/Users/catherinegourdin/.m2/repository/org/apache/groovy/groovy-ant/4.0.4/groovy-ant-4.0.4.jar:/Users/catherinegourdin/.m2/repository/org/apache/groovy/groovy-groovydoc/4.0.4/groovy-groovydoc-4.0.4.jar:/Users/catherinegourdin/.m2/repository/org/apache/groovy/groovy-dateutil/4.0.4/groovy-dateutil-4.0.4.jar:/Users/catherinegourdin/.m2/repository/org/apache/groovy/groovy-docgenerator/4.0.4/groovy-docgenerator-4.0.4.jar:/Users/catherinegourdin/.m2/repository/com/thoughtworks/qdox/qdox/1.12.1/qdox-1.12.1.jar:/Users/catherinegourdin/.m2/repository/org/apache/groovy/groovy-json/4.0.4/groovy-json-4.0.4.jar:/Users/catherinegourdin/.m2/repository/org/apache/groovy/groovy-templates/4.0.4/groovy-templates-4.0.4.jar:/Users/catherinegourdin/.m2/repository/org/apache/groovy/groovy-xml/4.0.4/groovy-xml-4.0.4.jar:/Users/catherinegourdin/.m2/repository/com/github/javaparser/javaparser-core/3.24.2/javaparser-core-3.24.2.jar:/Users/catherinegourdin/.m2/repository/org/apache/maven/reporting/maven-reporting-impl/3.1.0/maven-reporting-impl-3.1.0.jar:/Users/catherinegourdin/.m2/repository/org/apache/maven/shared/maven-shared-utils/3.3.4/maven-shared-utils-3.3.4.jar:/Users/catherinegourdin/.m2/repository/org/apache/maven/doxia/doxia-core/1.11.1/doxia-core-1.11.1.jar:/Users/catherinegourdin/.m2/repository/org/apache/maven/doxia/doxia-logging-api/1.11.1/doxia-logging-api-1.11.1.jar:/Users/catherinegourdin/.m2/repository/org/apache/httpcomponents/httpclient/4.5.13/httpclient-4.5.13.jar:/Users/catherinegourdin/.m2/repository/org/apache/httpcomponents/httpcore/4.4.14/httpcore-4.4.14.jar:/Users/catherinegourdin/.m2/repository/org/apache/maven/doxia/doxia-sink-api/1.11.1/doxia-sink-api-1.11.1.jar:/Users/catherinegourdin/.m2/repository/org/apache/maven/doxia/doxia-decoration-model/1.11.1/doxia-decoration-model-1.11.1.jar:/Users/catherinegourdin/.m2/repository/org/apache/maven/doxia/doxia-site-renderer/1.11.1/doxia-site-renderer-1.11.1.jar:/Users/catherinegourdin/.m2/repository/org/apache/maven/doxia/doxia-skin-model/1.11.1/doxia-skin-model-1.11.1.jar:/Users/catherinegourdin/.m2/repository/org/apache/maven/doxia/doxia-module-xhtml/1.11.1/doxia-module-xhtml-1.11.1.jar:/Users/catherinegourdin/.m2/repository/org/apache/maven/doxia/doxia-module-xhtml5/1.11.1/doxia-module-xhtml5-1.11.1.jar:/Users/catherinegourdin/.m2/repository/org/codehaus/plexus/plexus-i18n/1.0-beta-10/plexus-i18n-1.0-beta-10.jar:/Users/catherinegourdin/.m2/repository/org/codehaus/plexus/plexus-velocity/1.2/plexus-velocity-1.2.jar:/Users/catherinegourdin/.m2/repository/org/apache/velocity/velocity/1.7/velocity-1.7.jar:/Users/catherinegourdin/.m2/repository/org/apache/velocity/velocity-tools/2.0/velocity-tools-2.0.jar:/Users/catherinegourdin/.m2/repository/oro/oro/2.0.8/oro-2.0.8.jar:/Users/catherinegourdin/.m2/repository/org/apache/maven/doxia/doxia-integration-tools/1.11.1/doxia-integration-tools-1.11.1.jar:/Users/catherinegourdin/.m2/repository/org/apache/maven/maven-model/2.2.1/maven-model-2.2.1.jar:/Users/catherinegourdin/.m2/repository/commons-beanutils/commons-beanutils/1.9.4/commons-beanutils-1.9.4.jar:/Users/catherinegourdin/.m2/repository/commons-chain/commons-chain/1.2/commons-chain-1.2.jar:/Users/catherinegourdin/.m2/repository/commons-codec/commons-codec/1.15/commons-codec-1.15.jar:/Users/catherinegourdin/.m2/repository/commons-collections/commons-collections/3.2.2/commons-collections-3.2.2.jar:/Users/catherinegourdin/.m2/repository/commons-digester/commons-digester/2.1/commons-digester-2.1.jar:/Users/catherinegourdin/.m2/repository/commons-lang/commons-lang/2.6/commons-lang-2.6.jar:/Users/catherinegourdin/.m2/repository/org/apache/commons/commons-lang3/3.12.0/commons-lang3-3.12.0.jar:/Users/catherinegourdin/.m2/repository/org/codehaus/plexus/plexus-container-default/2.1.1/plexus-container-default-2.1.1.jar:/Users/catherinegourdin/.m2/repository/org/codehaus/plexus/plexus-classworlds/2.6.0/plexus-classworlds-2.6.0.jar:/Users/catherinegourdin/.m2/repository/org/apache/xbean/xbean-reflect/3.7/xbean-reflect-3.7.jar:/Users/catherinegourdin/.m2/repository/junit/junit/4.13.2/junit-4.13.2.jar:/Users/catherinegourdin/.m2/repository/org/hamcrest/hamcrest-core/1.3/hamcrest-core-1.3.jar:/Users/catherinegourdin/.m2/repository/org/codehaus/plexus/plexus-resources/1.2.0/plexus-resources-1.2.0.jar:"/>
    <property name="sun.cpu.endian" value="little"/>
    <property name="user.home" value="/Users/catherinegourdin"/>
    <property name="user.language" value="fr"/>
    <property name="java.specification.vendor" value="Oracle Corporation"/>
    <property name="java.home" value="/Library/Java/JavaVirtualMachines/jdk1.8.0_341.jdk/Contents/Home/jre"/>
    <property name="basedir" value="/Users/catherinegourdin/Documents/GitHub/P4_CGS_parkingsystem/parkit"/>
    <property name="file.separator" value="/"/>
    <property name="line.separator" value="&#10;"/>
    <property name="java.vm.specification.vendor" value="Oracle Corporation"/>
    <property name="java.specification.name" value="Java Platform API Specification"/>
    <property name="java.awt.graphicsenv" value="sun.awt.CGraphicsEnvironment"/>
    <property name="surefire.real.class.path" value="/Users/catherinegourdin/Documents/GitHub/P4_CGS_parkingsystem/parkit/target/surefire/surefirebooter4363530805913022982.jar:/Users/catherinegourdin/.m2/repository/org/jacoco/org.jacoco.agent/0.8.8/org.jacoco.agent-0.8.8-runtime.jar"/>
    <property name="sun.boot.class.path" value="/Library/Java/JavaVirtualMachines/jdk1.8.0_341.jdk/Contents/Home/jre/lib/resources.jar:/Library/Java/JavaVirtualMachines/jdk1.8.0_341.jdk/Contents/Home/jre/lib/rt.jar:/Library/Java/JavaVirtualMachines/jdk1.8.0_341.jdk/Contents/Home/jre/lib/jsse.jar:/Library/Java/JavaVirtualMachines/jdk1.8.0_341.jdk/Contents/Home/jre/lib/jce.jar:/Library/Java/JavaVirtualMachines/jdk1.8.0_341.jdk/Contents/Home/jre/lib/charsets.jar:/Library/Java/JavaVirtualMachines/jdk1.8.0_341.jdk/Contents/Home/jre/lib/jfr.jar:/Library/Java/JavaVirtualMachines/jdk1.8.0_341.jdk/Contents/Home/jre/classes"/>
    <property name="sun.management.compiler" value="HotSpot 64-Bit Tiered Compilers"/>
    <property name="ftp.nonProxyHosts" value="local|*.local|169.254/16|*.169.254/16"/>
    <property name="java.runtime.version" value="1.8.0_341-b10"/>
    <property name="user.name" value="catherinegourdin"/>
    <property name="path.separator" value=":"/>
    <property name="os.version" value="11.6.8"/>
    <property name="java.endorsed.dirs" value="/Library/Java/JavaVirtualMachines/jdk1.8.0_341.jdk/Contents/Home/jre/lib/endorsed"/>
    <property name="java.runtime.name" value="Java(TM) SE Runtime Environment"/>
    <property name="file.encoding" value="UTF-8"/>
    <property name="java.vm.name" value="Java HotSpot(TM) 64-Bit Server VM"/>
    <property name="localRepository" value="/Users/catherinegourdin/.m2/repository"/>
    <property name="java.vendor.url.bug" value="http://bugreport.sun.com/bugreport/"/>
    <property name="java.io.tmpdir" value="/var/folders/1k/cf2mtk_5189cxlqkjc_lblz00000gn/T/"/>
    <property name="java.version" value="1.8.0_341"/>
    <property name="user.dir" value="/Users/catherinegourdin/Documents/GitHub/P4_CGS_parkingsystem/parkit"/>
    <property name="os.arch" value="x86_64"/>
    <property name="java.vm.specification.name" value="Java Virtual Machine Specification"/>
    <property name="java.awt.printerjob" value="sun.lwawt.macosx.CPrinterJob"/>
    <property name="sun.os.patch.level" value="unknown"/>
    <property name="java.library.path" value="/Users/catherinegourdin/Library/Java/Extensions:/Library/Java/Extensions:/Network/Library/Java/Extensions:/System/Library/Java/Extensions:/usr/lib/java:."/>
    <property name="java.vm.info" value="mixed mode"/>
    <property name="java.vendor" value="Oracle Corporation"/>
    <property name="java.vm.version" value="25.341-b10"/>
    <property name="java.ext.dirs" value="/Users/catherinegourdin/Library/Java/Extensions:/Library/Java/JavaVirtualMachines/jdk1.8.0_341.jdk/Contents/Home/jre/lib/ext:/Library/Java/Extensions:/Network/Library/Java/Extensions:/System/Library/Java/Extensions:/usr/lib/java"/>
    <property name="sun.io.unicode.encoding" value="UnicodeBig"/>
    <property name="java.class.version" value="52.0"/>
    <property name="socksNonProxyHosts" value="local|*.local|169.254/16|*.169.254/16"/>
  </properties>
  <testcase name="calculateFareCarWithLessThanOneHourParkingTime" classname="com.parkit.parkingsystem.FareCalculatorServiceTest" time="0.02"/>
  <testcase name="calculateFareUnkownType" classname="com.parkit.parkingsystem.FareCalculatorServiceTest" time="0.001"/>
  <testcase name="calculateFareCar" classname="com.parkit.parkingsystem.FareCalculatorServiceTest" time="0"/>
  <testcase name="calculateFareBike" classname="com.parkit.parkingsystem.FareCalculatorServiceTest" time="0"/>
  <testcase name="calculateFareBikeWithFreeParkingTime" classname="com.parkit.parkingsystem.FareCalculatorServiceTest" time="0"/>
  <testcase name="calculateFareCarWithFreeParkingTime" classname="com.parkit.parkingsystem.FareCalculatorServiceTest" time="0"/>
  <testcase name="calculateFareCarWithMoreThanADayParkingTime" classname="com.parkit.parkingsystem.FareCalculatorServiceTest" time="0"/>
  <testcase name="calculateFareBikeWithLessThanOneHourParkingTime" classname="com.parkit.parkingsystem.FareCalculatorServiceTest" time="0"/>
  <testcase name="calculateFareBikeWithFutureInTime" classname="com.parkit.parkingsystem.FareCalculatorServiceTest" time="0.007"/>
</testsuite>