<?xml version="1.0" encoding="UTF-8"?>
<testsuite xmlns:xsi="http://www.w3.org/2001/XMLSchema-instance" xsi:noNamespaceSchemaLocation="https://maven.apache.org/surefire/maven-surefire-plugin/xsd/surefire-test-report.xsd" name="com.parkit.parkingsystem.FareCalculatorServiceTest" time="0.057" tests="9" errors="0" skipped="0" failures="0">
  <properties>
    <property name="gopherProxySet" value="false"/>
    <property name="awt.toolkit" value="sun.lwawt.macosx.LWCToolkit"/>
    <property name="file.encoding.pkg" value="sun.io"/>
    <property name="java.specification.version" value="1.8"/>
    <property name="sun.cpu.isalist" value=""/>
    <property name="sun.jnu.encoding" value="UTF-8"/>
    <property name="java.class.path" value="/Users/catherinegourdin/Documents/GitHub/P4_CGS_parkingsystem/parkit/target/test-classes:/Users/catherinegourdin/Documents/GitHub/P4_CGS_parkingsystem/parkit/target/classes:/Users/catherinegourdin/.m2/repository/org/apache/logging/log4j/log4j-api/2.12.1/log4j-api-2.12.1.jar:/Users/catherinegourdin/.m2/repository/org/apache/logging/log4j/log4j-core/2.12.1/log4j-core-2.12.1.jar:/Users/catherinegourdin/.m2/repository/mysql/mysql-connector-java/8.0.27/mysql-connector-java-8.0.27.jar:/Users/catherinegourdin/.m2/repository/com/google/protobuf/protobuf-java/3.11.4/protobuf-java-3.11.4.jar:/Users/catherinegourdin/.m2/repository/org/junit/jupiter/junit-jupiter-engine/5.8.2/junit-jupiter-engine-5.8.2.jar:/Users/catherinegourdin/.m2/repository/org/junit/platform/junit-platform-engine/1.8.2/junit-platform-engine-1.8.2.jar:/Users/catherinegourdin/.m2/repository/org/apiguardian/apiguardian-api/1.1.2/apiguardian-api-1.1.2.jar:/Users/catherinegourdin/.m2/repository/org/mockito/mockito-junit-jupiter/2.23.4/mockito-junit-jupiter-2.23.4.jar:/Users/catherinegourdin/.m2/repository/org/mockito/mockito-core/2.23.4/mockito-core-2.23.4.jar:/Users/catherinegourdin/.m2/repository/net/bytebuddy/byte-buddy/1.9.3/byte-buddy-1.9.3.jar:/Users/catherinegourdin/.m2/repository/net/bytebuddy/byte-buddy-agent/1.9.3/byte-buddy-agent-1.9.3.jar:/Users/catherinegourdin/.m2/repository/org/objenesis/objenesis/2.6/objenesis-2.6.jar:/Users/catherinegourdin/.m2/repository/org/jacoco/jacoco-maven-plugin/0.8.5/jacoco-maven-plugin-0.8.5.jar:/Users/catherinegourdin/.m2/repository/org/apache/maven/maven-plugin-api/3.0/maven-plugin-api-3.0.jar:/Users/catherinegourdin/.m2/repository/org/sonatype/sisu/sisu-inject-plexus/1.4.2/sisu-inject-plexus-1.4.2.jar:/Users/catherinegourdin/.m2/repository/org/sonatype/sisu/sisu-inject-bean/1.4.2/sisu-inject-bean-1.4.2.jar:/Users/catherinegourdin/.m2/repository/org/sonatype/sisu/sisu-guice/2.1.7/sisu-guice-2.1.7-noaop.jar:/Users/catherinegourdin/.m2/repository/org/apache/maven/maven-core/3.0/maven-core-3.0.jar:/Users/catherinegourdin/.m2/repository/org/apache/maven/maven-settings/3.0/maven-settings-3.0.jar:/Users/catherinegourdin/.m2/repository/org/apache/maven/maven-settings-builder/3.0/maven-settings-builder-3.0.jar:/Users/catherinegourdin/.m2/repository/org/apache/maven/maven-repository-metadata/3.0/maven-repository-metadata-3.0.jar:/Users/catherinegourdin/.m2/repository/org/apache/maven/maven-model-builder/3.0/maven-model-builder-3.0.jar:/Users/catherinegourdin/.m2/repository/org/apache/maven/maven-aether-provider/3.0/maven-aether-provider-3.0.jar:/Users/catherinegourdin/.m2/repository/org/sonatype/aether/aether-impl/1.7/aether-impl-1.7.jar:/Users/catherinegourdin/.m2/repository/org/sonatype/aether/aether-spi/1.7/aether-spi-1.7.jar:/Users/catherinegourdin/.m2/repository/org/sonatype/aether/aether-api/1.7/aether-api-1.7.jar:/Users/catherinegourdin/.m2/repository/org/sonatype/aether/aether-util/1.7/aether-util-1.7.jar:/Users/catherinegourdin/.m2/repository/org/codehaus/plexus/plexus-classworlds/2.2.3/plexus-classworlds-2.2.3.jar:/Users/catherinegourdin/.m2/repository/org/codehaus/plexus/plexus-component-annotations/1.5.5/plexus-component-annotations-1.5.5.jar:/Users/catherinegourdin/.m2/repository/org/sonatype/plexus/plexus-sec-dispatcher/1.3/plexus-sec-dispatcher-1.3.jar:/Users/catherinegourdin/.m2/repository/org/sonatype/plexus/plexus-cipher/1.4/plexus-cipher-1.4.jar:/Users/catherinegourdin/.m2/repository/org/codehaus/plexus/plexus-utils/3.0.22/plexus-utils-3.0.22.jar:/Users/catherinegourdin/.m2/repository/org/apache/maven/shared/file-management/1.2.1/file-management-1.2.1.jar:/Users/catherinegourdin/.m2/repository/org/apache/maven/reporting/maven-reporting-api/3.0/maven-reporting-api-3.0.jar:/Users/catherinegourdin/.m2/repository/org/apache/maven/reporting/maven-reporting-impl/2.1/maven-reporting-impl-2.1.jar:/Users/catherinegourdin/.m2/repository/org/apache/maven/maven-project/2.0.10/maven-project-2.0.10.jar:/Users/catherinegourdin/.m2/repository/org/apache/maven/maven-profile/2.0.10/maven-profile-2.0.10.jar:/Users/catherinegourdin/.m2/repository/org/apache/maven/maven-artifact-manager/2.0.10/maven-artifact-manager-2.0.10.jar:/Users/catherinegourdin/.m2/repository/org/apache/maven/maven-plugin-registry/2.0.10/maven-plugin-registry-2.0.10.jar:/Users/catherinegourdin/.m2/repository/org/jacoco/org.jacoco.agent/0.8.5/org.jacoco.agent-0.8.5-runtime.jar:/Users/catherinegourdin/.m2/repository/org/jacoco/org.jacoco.core/0.8.5/org.jacoco.core-0.8.5.jar:/Users/catherinegourdin/.m2/repository/org/ow2/asm/asm/7.2/asm-7.2.jar:/Users/catherinegourdin/.m2/repository/org/ow2/asm/asm-commons/7.2/asm-commons-7.2.jar:/Users/catherinegourdin/.m2/repository/org/ow2/asm/asm-tree/7.2/asm-tree-7.2.jar:/Users/catherinegourdin/.m2/repository/org/jacoco/org.jacoco.report/0.8.5/org.jacoco.report-0.8.5.jar:/Users/catherinegourdin/.m2/repository/org/apache/maven/plugins/maven-assembly-plugin/3.0.0/maven-assembly-plugin-3.0.0.jar:/Users/catherinegourdin/.m2/repository/org/apache/maven/maven-artifact/3.0/maven-artifact-3.0.jar:/Users/catherinegourdin/.m2/repository/org/apache/maven/maven-model/3.0/maven-model-3.0.jar:/Users/catherinegourdin/.m2/repository/org/apache/maven/shared/maven-common-artifact-filters/3.0.1/maven-common-artifact-filters-3.0.1.jar:/Users/catherinegourdin/.m2/repository/org/apache/maven/shared/maven-shared-utils/3.1.0/maven-shared-utils-3.1.0.jar:/Users/catherinegourdin/.m2/repository/org/apache/maven/shared/maven-artifact-transfer/0.9.0/maven-artifact-transfer-0.9.0.jar:/Users/catherinegourdin/.m2/repository/org/codehaus/plexus/plexus-interpolation/1.24/plexus-interpolation-1.24.jar:/Users/catherinegourdin/.m2/repository/org/codehaus/plexus/plexus-archiver/3.4/plexus-archiver-3.4.jar:/Users/catherinegourdin/.m2/repository/org/apache/commons/commons-compress/1.11/commons-compress-1.11.jar:/Users/catherinegourdin/.m2/repository/org/iq80/snappy/snappy/0.4/snappy-0.4.jar:/Users/catherinegourdin/.m2/repository/org/tukaani/xz/1.5/xz-1.5.jar:/Users/catherinegourdin/.m2/repository/org/apache/maven/shared/maven-shared-io/3.0.0/maven-shared-io-3.0.0.jar:/Users/catherinegourdin/.m2/repository/org/apache/maven/maven-compat/3.0/maven-compat-3.0.jar:/Users/catherinegourdin/.m2/repository/org/apache/maven/wagon/wagon-provider-api/2.10/wagon-provider-api-2.10.jar:/Users/catherinegourdin/.m2/repository/commons-io/commons-io/2.5/commons-io-2.5.jar:/Users/catherinegourdin/.m2/repository/org/apache/maven/shared/maven-filtering/3.1.1/maven-filtering-3.1.1.jar:/Users/catherinegourdin/.m2/repository/org/sonatype/plexus/plexus-build-api/0.0.7/plexus-build-api-0.0.7.jar:/Users/catherinegourdin/.m2/repository/org/codehaus/plexus/plexus-io/2.7.1/plexus-io-2.7.1.jar:/Users/catherinegourdin/.m2/repository/org/apache/maven/maven-archiver/3.1.1/maven-archiver-3.1.1.jar:/Users/catherinegourdin/.m2/repository/commons-codec/commons-codec/1.6/commons-codec-1.6.jar:/Users/catherinegourdin/.m2/repository/org/junit/jupiter/junit-jupiter-api/5.8.2/junit-jupiter-api-5.8.2.jar:/Users/catherinegourdin/.m2/repository/org/opentest4j/opentest4j/1.2.0/opentest4j-1.2.0.jar:/Users/catherinegourdin/.m2/repository/org/junit/platform/junit-platform-commons/1.8.2/junit-platform-commons-1.8.2.jar:/Users/catherinegourdin/.m2/repository/com/github/spotbugs/spotbugs-maven-plugin/3.1.12/spotbugs-maven-plugin-3.1.12.jar:/Users/catherinegourdin/.m2/repository/com/github/spotbugs/spotbugs/3.1.12/spotbugs-3.1.12.jar:/Users/catherinegourdin/.m2/repository/org/ow2/asm/asm-analysis/7.0/asm-analysis-7.0.jar:/Users/catherinegourdin/.m2/repository/org/ow2/asm/asm-util/7.0/asm-util-7.0.jar:/Users/catherinegourdin/.m2/repository/org/apache/bcel/bcel/6.3/bcel-6.3.jar:/Users/catherinegourdin/.m2/repository/net/jcip/jcip-annotations/1.0/jcip-annotations-1.0.jar:/Users/catherinegourdin/.m2/repository/org/dom4j/dom4j/2.1.1/dom4j-2.1.1.jar:/Users/catherinegourdin/.m2/repository/jaxen/jaxen/1.1.6/jaxen-1.1.6.jar:/Users/catherinegourdin/.m2/repository/commons-lang/commons-lang/2.6/commons-lang-2.6.jar:/Users/catherinegourdin/.m2/repository/com/github/spotbugs/spotbugs-annotations/3.1.12/spotbugs-annotations-3.1.12.jar:/Users/catherinegourdin/.m2/repository/com/google/code/findbugs/jsr305/3.0.2/jsr305-3.0.2.jar:/Users/catherinegourdin/.m2/repository/org/slf4j/slf4j-simple/1.8.0-beta4/slf4j-simple-1.8.0-beta4.jar:/Users/catherinegourdin/.m2/repository/org/apache/ant/ant/1.10.6/ant-1.10.6.jar:/Users/catherinegourdin/.m2/repository/org/apache/ant/ant-launcher/1.10.6/ant-launcher-1.10.6.jar:/Library/Java/JavaVirtualMachines/jdk1.8.0_341.jdk/Contents/Home/jre/../lib/tools.jar:/Users/catherinegourdin/.m2/repository/org/codehaus/groovy/groovy/2.5.7/groovy-2.5.7-indy.jar:/Users/catherinegourdin/.m2/repository/org/codehaus/groovy/groovy-ant/2.5.7/groovy-ant-2.5.7-indy.jar:/Users/catherinegourdin/.m2/repository/org/codehaus/groovy/groovy/2.5.7/groovy-2.5.7.jar:/Users/catherinegourdin/.m2/repository/org/codehaus/groovy/groovy-dateutil/2.5.7/groovy-dateutil-2.5.7-indy.jar:/Users/catherinegourdin/.m2/repository/org/codehaus/groovy/groovy-groovydoc/2.5.7/groovy-groovydoc-2.5.7.jar:/Users/catherinegourdin/.m2/repository/org/codehaus/groovy/groovy-templates/2.5.7/groovy-templates-2.5.7.jar:/Users/catherinegourdin/.m2/repository/org/codehaus/groovy/groovy-cli-picocli/2.5.7/groovy-cli-picocli-2.5.7.jar:/Users/catherinegourdin/.m2/repository/info/picocli/picocli/3.9.5/picocli-3.9.5.jar:/Users/catherinegourdin/.m2/repository/org/codehaus/groovy/groovy-docgenerator/2.5.7/groovy-docgenerator-2.5.7.jar:/Users/catherinegourdin/.m2/repository/com/thoughtworks/qdox/qdox/1.12.1/qdox-1.12.1.jar:/Users/catherinegourdin/.m2/repository/org/codehaus/groovy/groovy-xml/2.5.7/groovy-xml-2.5.7.jar:/Users/catherinegourdin/.m2/repository/org/apache/maven/doxia/doxia-core/1.9/doxia-core-1.9.jar:/Users/catherinegourdin/.m2/repository/org/apache/maven/doxia/doxia-logging-api/1.9/doxia-logging-api-1.9.jar:/Users/catherinegourdin/.m2/repository/org/apache/httpcomponents/httpclient/4.5.8/httpclient-4.5.8.jar:/Users/catherinegourdin/.m2/repository/org/apache/httpcomponents/httpcore/4.4.11/httpcore-4.4.11.jar:/Users/catherinegourdin/.m2/repository/org/apache/maven/doxia/doxia-sink-api/1.9/doxia-sink-api-1.9.jar:/Users/catherinegourdin/.m2/repository/org/apache/maven/doxia/doxia-decoration-model/1.8.1/doxia-decoration-model-1.8.1.jar:/Users/catherinegourdin/.m2/repository/org/apache/maven/doxia/doxia-site-renderer/1.8.1/doxia-site-renderer-1.8.1.jar:/Users/catherinegourdin/.m2/repository/org/apache/maven/doxia/doxia-skin-model/1.8.1/doxia-skin-model-1.8.1.jar:/Users/catherinegourdin/.m2/repository/org/apache/maven/doxia/doxia-module-xhtml/1.8/doxia-module-xhtml-1.8.jar:/Users/catherinegourdin/.m2/repository/org/codehaus/plexus/plexus-i18n/1.0-beta-7/plexus-i18n-1.0-beta-7.jar:/Users/catherinegourdin/.m2/repository/org/codehaus/plexus/plexus-velocity/1.2/plexus-velocity-1.2.jar:/Users/catherinegourdin/.m2/repository/org/apache/velocity/velocity/1.7/velocity-1.7.jar:/Users/catherinegourdin/.m2/repository/org/apache/velocity/velocity-tools/2.0/velocity-tools-2.0.jar:/Users/catherinegourdin/.m2/repository/oro/oro/2.0.8/oro-2.0.8.jar:/Users/catherinegourdin/.m2/repository/sslext/sslext/1.2-0/sslext-1.2-0.jar:/Users/catherinegourdin/.m2/repository/org/apache/maven/doxia/doxia-integration-tools/1.8.1/doxia-integration-tools-1.8.1.jar:/Users/catherinegourdin/.m2/repository/commons-beanutils/commons-beanutils/1.9.3/commons-beanutils-1.9.3.jar:/Users/catherinegourdin/.m2/repository/commons-logging/commons-logging/1.2/commons-logging-1.2.jar:/Users/catherinegourdin/.m2/repository/commons-chain/commons-chain/1.2/commons-chain-1.2.jar:/Users/catherinegourdin/.m2/repository/commons-collections/commons-collections/3.2.2/commons-collections-3.2.2.jar:/Users/catherinegourdin/.m2/repository/commons-digester/commons-digester/2.1/commons-digester-2.1.jar:/Users/catherinegourdin/.m2/repository/org/apache/commons/commons-lang3/3.9/commons-lang3-3.9.jar:/Users/catherinegourdin/.m2/repository/commons-validator/commons-validator/1.6/commons-validator-1.6.jar:/Users/catherinegourdin/.m2/repository/org/codehaus/plexus/plexus-container-default/2.0.0/plexus-container-default-2.0.0.jar:/Users/catherinegourdin/.m2/repository/org/apache/xbean/xbean-reflect/3.7/xbean-reflect-3.7.jar:/Users/catherinegourdin/.m2/repository/org/codehaus/plexus/plexus-resources/1.1.0/plexus-resources-1.1.0.jar:/Users/catherinegourdin/.m2/repository/org/slf4j/slf4j-api/1.8.0-beta4/slf4j-api-1.8.0-beta4.jar:"/>
    <property name="java.vm.vendor" value="Oracle Corporation"/>
    <property name="sun.arch.data.model" value="64"/>
    <property name="java.vendor.url" value="http://java.oracle.com/"/>
    <property name="user.timezone" value=""/>
    <property name="java.vm.specification.version" value="1.8"/>
    <property name="os.name" value="Mac OS X"/>
    <property name="user.country" value="FR"/>
    <property name="sun.java.launcher" value="SUN_STANDARD"/>
    <property name="sun.boot.library.path" value="/Library/Java/JavaVirtualMachines/jdk1.8.0_341.jdk/Contents/Home/jre/lib"/>
    <property name="sun.java.command" value="/Users/catherinegourdin/Documents/GitHub/P4_CGS_parkingsystem/parkit/target/surefire/surefirebooter5464196198337276341.jar /Users/catherinegourdin/Documents/GitHub/P4_CGS_parkingsystem/parkit/target/surefire 2022-10-14T20-31-19_094-jvmRun1 surefire8773177168418861080tmp surefire_0117395752850057615tmp"/>
    <property name="http.nonProxyHosts" value="local|*.local|169.254/16|*.169.254/16"/>
    <property name="surefire.test.class.path" value="/Users/catherinegourdin/Documents/GitHub/P4_CGS_parkingsystem/parkit/target/test-classes:/Users/catherinegourdin/Documents/GitHub/P4_CGS_parkingsystem/parkit/target/classes:/Users/catherinegourdin/.m2/repository/org/apache/logging/log4j/log4j-api/2.12.1/log4j-api-2.12.1.jar:/Users/catherinegourdin/.m2/repository/org/apache/logging/log4j/log4j-core/2.12.1/log4j-core-2.12.1.jar:/Users/catherinegourdin/.m2/repository/mysql/mysql-connector-java/8.0.27/mysql-connector-java-8.0.27.jar:/Users/catherinegourdin/.m2/repository/com/google/protobuf/protobuf-java/3.11.4/protobuf-java-3.11.4.jar:/Users/catherinegourdin/.m2/repository/org/junit/jupiter/junit-jupiter-engine/5.8.2/junit-jupiter-engine-5.8.2.jar:/Users/catherinegourdin/.m2/repository/org/junit/platform/junit-platform-engine/1.8.2/junit-platform-engine-1.8.2.jar:/Users/catherinegourdin/.m2/repository/org/apiguardian/apiguardian-api/1.1.2/apiguardian-api-1.1.2.jar:/Users/catherinegourdin/.m2/repository/org/mockito/mockito-junit-jupiter/2.23.4/mockito-junit-jupiter-2.23.4.jar:/Users/catherinegourdin/.m2/repository/org/mockito/mockito-core/2.23.4/mockito-core-2.23.4.jar:/Users/catherinegourdin/.m2/repository/net/bytebuddy/byte-buddy/1.9.3/byte-buddy-1.9.3.jar:/Users/catherinegourdin/.m2/repository/net/bytebuddy/byte-buddy-agent/1.9.3/byte-buddy-agent-1.9.3.jar:/Users/catherinegourdin/.m2/repository/org/objenesis/objenesis/2.6/objenesis-2.6.jar:/Users/catherinegourdin/.m2/repository/org/jacoco/jacoco-maven-plugin/0.8.5/jacoco-maven-plugin-0.8.5.jar:/Users/catherinegourdin/.m2/repository/org/apache/maven/maven-plugin-api/3.0/maven-plugin-api-3.0.jar:/Users/catherinegourdin/.m2/repository/org/sonatype/sisu/sisu-inject-plexus/1.4.2/sisu-inject-plexus-1.4.2.jar:/Users/catherinegourdin/.m2/repository/org/sonatype/sisu/sisu-inject-bean/1.4.2/sisu-inject-bean-1.4.2.jar:/Users/catherinegourdin/.m2/repository/org/sonatype/sisu/sisu-guice/2.1.7/sisu-guice-2.1.7-noaop.jar:/Users/catherinegourdin/.m2/repository/org/apache/maven/maven-core/3.0/maven-core-3.0.jar:/Users/catherinegourdin/.m2/repository/org/apache/maven/maven-settings/3.0/maven-settings-3.0.jar:/Users/catherinegourdin/.m2/repository/org/apache/maven/maven-settings-builder/3.0/maven-settings-builder-3.0.jar:/Users/catherinegourdin/.m2/repository/org/apache/maven/maven-repository-metadata/3.0/maven-repository-metadata-3.0.jar:/Users/catherinegourdin/.m2/repository/org/apache/maven/maven-model-builder/3.0/maven-model-builder-3.0.jar:/Users/catherinegourdin/.m2/repository/org/apache/maven/maven-aether-provider/3.0/maven-aether-provider-3.0.jar:/Users/catherinegourdin/.m2/repository/org/sonatype/aether/aether-impl/1.7/aether-impl-1.7.jar:/Users/catherinegourdin/.m2/repository/org/sonatype/aether/aether-spi/1.7/aether-spi-1.7.jar:/Users/catherinegourdin/.m2/repository/org/sonatype/aether/aether-api/1.7/aether-api-1.7.jar:/Users/catherinegourdin/.m2/repository/org/sonatype/aether/aether-util/1.7/aether-util-1.7.jar:/Users/catherinegourdin/.m2/repository/org/codehaus/plexus/plexus-classworlds/2.2.3/plexus-classworlds-2.2.3.jar:/Users/catherinegourdin/.m2/repository/org/codehaus/plexus/plexus-component-annotations/1.5.5/plexus-component-annotations-1.5.5.jar:/Users/catherinegourdin/.m2/repository/org/sonatype/plexus/plexus-sec-dispatcher/1.3/plexus-sec-dispatcher-1.3.jar:/Users/catherinegourdin/.m2/repository/org/sonatype/plexus/plexus-cipher/1.4/plexus-cipher-1.4.jar:/Users/catherinegourdin/.m2/repository/org/codehaus/plexus/plexus-utils/3.0.22/plexus-utils-3.0.22.jar:/Users/catherinegourdin/.m2/repository/org/apache/maven/shared/file-management/1.2.1/file-management-1.2.1.jar:/Users/catherinegourdin/.m2/repository/org/apache/maven/reporting/maven-reporting-api/3.0/maven-reporting-api-3.0.jar:/Users/catherinegourdin/.m2/repository/org/apache/maven/reporting/maven-reporting-impl/2.1/maven-reporting-impl-2.1.jar:/Users/catherinegourdin/.m2/repository/org/apache/maven/maven-project/2.0.10/maven-project-2.0.10.jar:/Users/catherinegourdin/.m2/repository/org/apache/maven/maven-profile/2.0.10/maven-profile-2.0.10.jar:/Users/catherinegourdin/.m2/repository/org/apache/maven/maven-artifact-manager/2.0.10/maven-artifact-manager-2.0.10.jar:/Users/catherinegourdin/.m2/repository/org/apache/maven/maven-plugin-registry/2.0.10/maven-plugin-registry-2.0.10.jar:/Users/catherinegourdin/.m2/repository/org/jacoco/org.jacoco.agent/0.8.5/org.jacoco.agent-0.8.5-runtime.jar:/Users/catherinegourdin/.m2/repository/org/jacoco/org.jacoco.core/0.8.5/org.jacoco.core-0.8.5.jar:/Users/catherinegourdin/.m2/repository/org/ow2/asm/asm/7.2/asm-7.2.jar:/Users/catherinegourdin/.m2/repository/org/ow2/asm/asm-commons/7.2/asm-commons-7.2.jar:/Users/catherinegourdin/.m2/repository/org/ow2/asm/asm-tree/7.2/asm-tree-7.2.jar:/Users/catherinegourdin/.m2/repository/org/jacoco/org.jacoco.report/0.8.5/org.jacoco.report-0.8.5.jar:/Users/catherinegourdin/.m2/repository/org/apache/maven/plugins/maven-assembly-plugin/3.0.0/maven-assembly-plugin-3.0.0.jar:/Users/catherinegourdin/.m2/repository/org/apache/maven/maven-artifact/3.0/maven-artifact-3.0.jar:/Users/catherinegourdin/.m2/repository/org/apache/maven/maven-model/3.0/maven-model-3.0.jar:/Users/catherinegourdin/.m2/repository/org/apache/maven/shared/maven-common-artifact-filters/3.0.1/maven-common-artifact-filters-3.0.1.jar:/Users/catherinegourdin/.m2/repository/org/apache/maven/shared/maven-shared-utils/3.1.0/maven-shared-utils-3.1.0.jar:/Users/catherinegourdin/.m2/repository/org/apache/maven/shared/maven-artifact-transfer/0.9.0/maven-artifact-transfer-0.9.0.jar:/Users/catherinegourdin/.m2/repository/org/codehaus/plexus/plexus-interpolation/1.24/plexus-interpolation-1.24.jar:/Users/catherinegourdin/.m2/repository/org/codehaus/plexus/plexus-archiver/3.4/plexus-archiver-3.4.jar:/Users/catherinegourdin/.m2/repository/org/apache/commons/commons-compress/1.11/commons-compress-1.11.jar:/Users/catherinegourdin/.m2/repository/org/iq80/snappy/snappy/0.4/snappy-0.4.jar:/Users/catherinegourdin/.m2/repository/org/tukaani/xz/1.5/xz-1.5.jar:/Users/catherinegourdin/.m2/repository/org/apache/maven/shared/maven-shared-io/3.0.0/maven-shared-io-3.0.0.jar:/Users/catherinegourdin/.m2/repository/org/apache/maven/maven-compat/3.0/maven-compat-3.0.jar:/Users/catherinegourdin/.m2/repository/org/apache/maven/wagon/wagon-provider-api/2.10/wagon-provider-api-2.10.jar:/Users/catherinegourdin/.m2/repository/commons-io/commons-io/2.5/commons-io-2.5.jar:/Users/catherinegourdin/.m2/repository/org/apache/maven/shared/maven-filtering/3.1.1/maven-filtering-3.1.1.jar:/Users/catherinegourdin/.m2/repository/org/sonatype/plexus/plexus-build-api/0.0.7/plexus-build-api-0.0.7.jar:/Users/catherinegourdin/.m2/repository/org/codehaus/plexus/plexus-io/2.7.1/plexus-io-2.7.1.jar:/Users/catherinegourdin/.m2/repository/org/apache/maven/maven-archiver/3.1.1/maven-archiver-3.1.1.jar:/Users/catherinegourdin/.m2/repository/commons-codec/commons-codec/1.6/commons-codec-1.6.jar:/Users/catherinegourdin/.m2/repository/org/junit/jupiter/junit-jupiter-api/5.8.2/junit-jupiter-api-5.8.2.jar:/Users/catherinegourdin/.m2/repository/org/opentest4j/opentest4j/1.2.0/opentest4j-1.2.0.jar:/Users/catherinegourdin/.m2/repository/org/junit/platform/junit-platform-commons/1.8.2/junit-platform-commons-1.8.2.jar:/Users/catherinegourdin/.m2/repository/com/github/spotbugs/spotbugs-maven-plugin/3.1.12/spotbugs-maven-plugin-3.1.12.jar:/Users/catherinegourdin/.m2/repository/com/github/spotbugs/spotbugs/3.1.12/spotbugs-3.1.12.jar:/Users/catherinegourdin/.m2/repository/org/ow2/asm/asm-analysis/7.0/asm-analysis-7.0.jar:/Users/catherinegourdin/.m2/repository/org/ow2/asm/asm-util/7.0/asm-util-7.0.jar:/Users/catherinegourdin/.m2/repository/org/apache/bcel/bcel/6.3/bcel-6.3.jar:/Users/catherinegourdin/.m2/repository/net/jcip/jcip-annotations/1.0/jcip-annotations-1.0.jar:/Users/catherinegourdin/.m2/repository/org/dom4j/dom4j/2.1.1/dom4j-2.1.1.jar:/Users/catherinegourdin/.m2/repository/jaxen/jaxen/1.1.6/jaxen-1.1.6.jar:/Users/catherinegourdin/.m2/repository/commons-lang/commons-lang/2.6/commons-lang-2.6.jar:/Users/catherinegourdin/.m2/repository/com/github/spotbugs/spotbugs-annotations/3.1.12/spotbugs-annotations-3.1.12.jar:/Users/catherinegourdin/.m2/repository/com/google/code/findbugs/jsr305/3.0.2/jsr305-3.0.2.jar:/Users/catherinegourdin/.m2/repository/org/slf4j/slf4j-simple/1.8.0-beta4/slf4j-simple-1.8.0-beta4.jar:/Users/catherinegourdin/.m2/repository/org/apache/ant/ant/1.10.6/ant-1.10.6.jar:/Users/catherinegourdin/.m2/repository/org/apache/ant/ant-launcher/1.10.6/ant-launcher-1.10.6.jar:/Library/Java/JavaVirtualMachines/jdk1.8.0_341.jdk/Contents/Home/jre/../lib/tools.jar:/Users/catherinegourdin/.m2/repository/org/codehaus/groovy/groovy/2.5.7/groovy-2.5.7-indy.jar:/Users/catherinegourdin/.m2/repository/org/codehaus/groovy/groovy-ant/2.5.7/groovy-ant-2.5.7-indy.jar:/Users/catherinegourdin/.m2/repository/org/codehaus/groovy/groovy/2.5.7/groovy-2.5.7.jar:/Users/catherinegourdin/.m2/repository/org/codehaus/groovy/groovy-dateutil/2.5.7/groovy-dateutil-2.5.7-indy.jar:/Users/catherinegourdin/.m2/repository/org/codehaus/groovy/groovy-groovydoc/2.5.7/groovy-groovydoc-2.5.7.jar:/Users/catherinegourdin/.m2/repository/org/codehaus/groovy/groovy-templates/2.5.7/groovy-templates-2.5.7.jar:/Users/catherinegourdin/.m2/repository/org/codehaus/groovy/groovy-cli-picocli/2.5.7/groovy-cli-picocli-2.5.7.jar:/Users/catherinegourdin/.m2/repository/info/picocli/picocli/3.9.5/picocli-3.9.5.jar:/Users/catherinegourdin/.m2/repository/org/codehaus/groovy/groovy-docgenerator/2.5.7/groovy-docgenerator-2.5.7.jar:/Users/catherinegourdin/.m2/repository/com/thoughtworks/qdox/qdox/1.12.1/qdox-1.12.1.jar:/Users/catherinegourdin/.m2/repository/org/codehaus/groovy/groovy-xml/2.5.7/groovy-xml-2.5.7.jar:/Users/catherinegourdin/.m2/repository/org/apache/maven/doxia/doxia-core/1.9/doxia-core-1.9.jar:/Users/catherinegourdin/.m2/repository/org/apache/maven/doxia/doxia-logging-api/1.9/doxia-logging-api-1.9.jar:/Users/catherinegourdin/.m2/repository/org/apache/httpcomponents/httpclient/4.5.8/httpclient-4.5.8.jar:/Users/catherinegourdin/.m2/repository/org/apache/httpcomponents/httpcore/4.4.11/httpcore-4.4.11.jar:/Users/catherinegourdin/.m2/repository/org/apache/maven/doxia/doxia-sink-api/1.9/doxia-sink-api-1.9.jar:/Users/catherinegourdin/.m2/repository/org/apache/maven/doxia/doxia-decoration-model/1.8.1/doxia-decoration-model-1.8.1.jar:/Users/catherinegourdin/.m2/repository/org/apache/maven/doxia/doxia-site-renderer/1.8.1/doxia-site-renderer-1.8.1.jar:/Users/catherinegourdin/.m2/repository/org/apache/maven/doxia/doxia-skin-model/1.8.1/doxia-skin-model-1.8.1.jar:/Users/catherinegourdin/.m2/repository/org/apache/maven/doxia/doxia-module-xhtml/1.8/doxia-module-xhtml-1.8.jar:/Users/catherinegourdin/.m2/repository/org/codehaus/plexus/plexus-i18n/1.0-beta-7/plexus-i18n-1.0-beta-7.jar:/Users/catherinegourdin/.m2/repository/org/codehaus/plexus/plexus-velocity/1.2/plexus-velocity-1.2.jar:/Users/catherinegourdin/.m2/repository/org/apache/velocity/velocity/1.7/velocity-1.7.jar:/Users/catherinegourdin/.m2/repository/org/apache/velocity/velocity-tools/2.0/velocity-tools-2.0.jar:/Users/catherinegourdin/.m2/repository/oro/oro/2.0.8/oro-2.0.8.jar:/Users/catherinegourdin/.m2/repository/sslext/sslext/1.2-0/sslext-1.2-0.jar:/Users/catherinegourdin/.m2/repository/org/apache/maven/doxia/doxia-integration-tools/1.8.1/doxia-integration-tools-1.8.1.jar:/Users/catherinegourdin/.m2/repository/commons-beanutils/commons-beanutils/1.9.3/commons-beanutils-1.9.3.jar:/Users/catherinegourdin/.m2/repository/commons-logging/commons-logging/1.2/commons-logging-1.2.jar:/Users/catherinegourdin/.m2/repository/commons-chain/commons-chain/1.2/commons-chain-1.2.jar:/Users/catherinegourdin/.m2/repository/commons-collections/commons-collections/3.2.2/commons-collections-3.2.2.jar:/Users/catherinegourdin/.m2/repository/commons-digester/commons-digester/2.1/commons-digester-2.1.jar:/Users/catherinegourdin/.m2/repository/org/apache/commons/commons-lang3/3.9/commons-lang3-3.9.jar:/Users/catherinegourdin/.m2/repository/commons-validator/commons-validator/1.6/commons-validator-1.6.jar:/Users/catherinegourdin/.m2/repository/org/codehaus/plexus/plexus-container-default/2.0.0/plexus-container-default-2.0.0.jar:/Users/catherinegourdin/.m2/repository/org/apache/xbean/xbean-reflect/3.7/xbean-reflect-3.7.jar:/Users/catherinegourdin/.m2/repository/org/codehaus/plexus/plexus-resources/1.1.0/plexus-resources-1.1.0.jar:/Users/catherinegourdin/.m2/repository/org/slf4j/slf4j-api/1.8.0-beta4/slf4j-api-1.8.0-beta4.jar:"/>
    <property name="sun.cpu.endian" value="little"/>
    <property name="user.home" value="/Users/catherinegourdin"/>
    <property name="user.language" value="fr"/>
    <property name="java.specification.vendor" value="Oracle Corporation"/>
    <property name="java.home" value="/Library/Java/JavaVirtualMachines/jdk1.8.0_341.jdk/Contents/Home/jre"/>
    <property name="basedir" value="/Users/catherinegourdin/Documents/GitHub/P4_CGS_parkingsystem/parkit"/>
    <property name="file.separator" value="/"/>
    <property name="line.separator" value="&#10;"/>
    <property name="java.vm.specification.vendor" value="Oracle Corporation"/>
    <property name="java.specification.name" value="Java Platform API Specification"/>
    <property name="java.awt.graphicsenv" value="sun.awt.CGraphicsEnvironment"/>
    <property name="surefire.real.class.path" value="/Users/catherinegourdin/Documents/GitHub/P4_CGS_parkingsystem/parkit/target/surefire/surefirebooter5464196198337276341.jar:/Users/catherinegourdin/.m2/repository/org/jacoco/org.jacoco.agent/0.8.5/org.jacoco.agent-0.8.5-runtime.jar"/>
    <property name="sun.boot.class.path" value="/Library/Java/JavaVirtualMachines/jdk1.8.0_341.jdk/Contents/Home/jre/lib/resources.jar:/Library/Java/JavaVirtualMachines/jdk1.8.0_341.jdk/Contents/Home/jre/lib/rt.jar:/Library/Java/JavaVirtualMachines/jdk1.8.0_341.jdk/Contents/Home/jre/lib/jsse.jar:/Library/Java/JavaVirtualMachines/jdk1.8.0_341.jdk/Contents/Home/jre/lib/jce.jar:/Library/Java/JavaVirtualMachines/jdk1.8.0_341.jdk/Contents/Home/jre/lib/charsets.jar:/Library/Java/JavaVirtualMachines/jdk1.8.0_341.jdk/Contents/Home/jre/lib/jfr.jar:/Library/Java/JavaVirtualMachines/jdk1.8.0_341.jdk/Contents/Home/jre/classes"/>
    <property name="sun.management.compiler" value="HotSpot 64-Bit Tiered Compilers"/>
    <property name="ftp.nonProxyHosts" value="local|*.local|169.254/16|*.169.254/16"/>
    <property name="java.runtime.version" value="1.8.0_341-b10"/>
    <property name="user.name" value="catherinegourdin"/>
    <property name="path.separator" value=":"/>
    <property name="os.version" value="11.6.8"/>
    <property name="java.endorsed.dirs" value="/Library/Java/JavaVirtualMachines/jdk1.8.0_341.jdk/Contents/Home/jre/lib/endorsed"/>
    <property name="java.runtime.name" value="Java(TM) SE Runtime Environment"/>
    <property name="file.encoding" value="UTF-8"/>
    <property name="java.vm.name" value="Java HotSpot(TM) 64-Bit Server VM"/>
    <property name="localRepository" value="/Users/catherinegourdin/.m2/repository"/>
    <property name="java.vendor.url.bug" value="http://bugreport.sun.com/bugreport/"/>
    <property name="java.io.tmpdir" value="/var/folders/1k/cf2mtk_5189cxlqkjc_lblz00000gn/T/"/>
    <property name="java.version" value="1.8.0_341"/>
    <property name="user.dir" value="/Users/catherinegourdin/Documents/GitHub/P4_CGS_parkingsystem/parkit"/>
    <property name="os.arch" value="x86_64"/>
    <property name="java.vm.specification.name" value="Java Virtual Machine Specification"/>
    <property name="java.awt.printerjob" value="sun.lwawt.macosx.CPrinterJob"/>
    <property name="sun.os.patch.level" value="unknown"/>
    <property name="java.library.path" value="/Users/catherinegourdin/Library/Java/Extensions:/Library/Java/Extensions:/Network/Library/Java/Extensions:/System/Library/Java/Extensions:/usr/lib/java:."/>
    <property name="java.vm.info" value="mixed mode"/>
    <property name="java.vendor" value="Oracle Corporation"/>
    <property name="java.vm.version" value="25.341-b10"/>
    <property name="java.ext.dirs" value="/Users/catherinegourdin/Library/Java/Extensions:/Library/Java/JavaVirtualMachines/jdk1.8.0_341.jdk/Contents/Home/jre/lib/ext:/Library/Java/Extensions:/Network/Library/Java/Extensions:/System/Library/Java/Extensions:/usr/lib/java"/>
    <property name="sun.io.unicode.encoding" value="UnicodeBig"/>
    <property name="java.class.version" value="52.0"/>
    <property name="socksNonProxyHosts" value="local|*.local|169.254/16|*.169.254/16"/>
  </properties>
  <testcase name="calculateFareCarWithLessThanOneHourParkingTime" classname="com.parkit.parkingsystem.FareCalculatorServiceTest" time="0.021"/>
  <testcase name="calculateFareUnkownType" classname="com.parkit.parkingsystem.FareCalculatorServiceTest" time="0.002"/>
  <testcase name="calculateFareCar" classname="com.parkit.parkingsystem.FareCalculatorServiceTest" time="0.001"/>
  <testcase name="calculateFareBike" classname="com.parkit.parkingsystem.FareCalculatorServiceTest" time="0.001"/>
  <testcase name="calculateFareBikeWithFreeParkingTime" classname="com.parkit.parkingsystem.FareCalculatorServiceTest" time="0.001"/>
  <testcase name="calculateFareCarWithFreeParkingTime" classname="com.parkit.parkingsystem.FareCalculatorServiceTest" time="0.001"/>
  <testcase name="calculateFareCarWithMoreThanADayParkingTime" classname="com.parkit.parkingsystem.FareCalculatorServiceTest" time="0.001"/>
  <testcase name="calculateFareBikeWithLessThanOneHourParkingTime" classname="com.parkit.parkingsystem.FareCalculatorServiceTest" time="0"/>
  <testcase name="calculateFareBikeWithFutureInTime" classname="com.parkit.parkingsystem.FareCalculatorServiceTest" time="0.009"/>
</testsuite>